{"name":"hexo","hostname":"DESKTOP-6JO1G7I","pid":17028,"level":20,"msg":"Writing database to G:\\hexo\\douban/db.json","time":"2019-02-16T12:11:02.725Z","v":0}
{"name":"hexo","hostname":"DESKTOP-6JO1G7I","pid":17028,"level":20,"msg":"Hexo version: \u001b[35m3.8.0\u001b[39m","time":"2019-02-16T12:11:02.753Z","v":0}
{"name":"hexo","hostname":"DESKTOP-6JO1G7I","pid":17028,"level":20,"msg":"Working directory: \u001b[35mG:\\hexo\\douban\\\u001b[39m","time":"2019-02-16T12:11:02.753Z","v":0}
{"name":"hexo","hostname":"DESKTOP-6JO1G7I","pid":17028,"level":20,"msg":"Config loaded: \u001b[35mG:\\hexo\\douban\\_config.yml\u001b[39m","time":"2019-02-16T12:11:02.996Z","v":0}
{"name":"hexo","hostname":"DESKTOP-6JO1G7I","pid":17028,"level":20,"msg":"Plugin loaded: \u001b[35mhexo-deployer-git\u001b[39m","time":"2019-02-16T12:11:03.226Z","v":0}
{"name":"hexo","hostname":"DESKTOP-6JO1G7I","pid":17028,"level":20,"msg":"Plugin loaded: \u001b[35mhexo-douban\u001b[39m","time":"2019-02-16T12:11:03.232Z","v":0}
{"name":"hexo","hostname":"DESKTOP-6JO1G7I","pid":17028,"level":20,"msg":"Plugin loaded: \u001b[35mhexo-generator-archive\u001b[39m","time":"2019-02-16T12:11:03.242Z","v":0}
{"name":"hexo","hostname":"DESKTOP-6JO1G7I","pid":17028,"level":20,"msg":"Plugin loaded: \u001b[35mhexo-generator-baidu-sitemap\u001b[39m","time":"2019-02-16T12:11:03.255Z","v":0}
{"name":"hexo","hostname":"DESKTOP-6JO1G7I","pid":17028,"level":20,"msg":"Plugin loaded: \u001b[35mhexo-generator-category\u001b[39m","time":"2019-02-16T12:11:03.262Z","v":0}
{"name":"hexo","hostname":"DESKTOP-6JO1G7I","pid":17028,"level":20,"msg":"Plugin loaded: \u001b[35mhexo-generator-feed\u001b[39m","time":"2019-02-16T12:11:03.270Z","v":0}
{"name":"hexo","hostname":"DESKTOP-6JO1G7I","pid":17028,"level":20,"msg":"Plugin loaded: \u001b[35mhexo-generator-index\u001b[39m","time":"2019-02-16T12:11:03.274Z","v":0}
{"name":"hexo","hostname":"DESKTOP-6JO1G7I","pid":17028,"level":20,"msg":"Plugin loaded: \u001b[35mhexo-generator-json-content\u001b[39m","time":"2019-02-16T12:11:03.349Z","v":0}
{"name":"hexo","hostname":"DESKTOP-6JO1G7I","pid":17028,"level":20,"msg":"Plugin loaded: \u001b[35mhexo-generator-sitemap\u001b[39m","time":"2019-02-16T12:11:03.355Z","v":0}
{"name":"hexo","hostname":"DESKTOP-6JO1G7I","pid":17028,"level":20,"msg":"Plugin loaded: \u001b[35mhexo-generator-tag\u001b[39m","time":"2019-02-16T12:11:03.359Z","v":0}
{"name":"hexo","hostname":"DESKTOP-6JO1G7I","pid":17028,"level":20,"msg":"Plugin loaded: \u001b[35mhexo-renderer-ejs\u001b[39m","time":"2019-02-16T12:11:03.364Z","v":0}
{"name":"hexo","hostname":"DESKTOP-6JO1G7I","pid":17028,"level":20,"msg":"Plugin loaded: \u001b[35mhexo-renderer-marked\u001b[39m","time":"2019-02-16T12:11:03.375Z","v":0}
{"name":"hexo","hostname":"DESKTOP-6JO1G7I","pid":17028,"level":20,"msg":"Plugin loaded: \u001b[35mhexo-renderer-stylus\u001b[39m","time":"2019-02-16T12:11:03.376Z","v":0}
{"name":"hexo","hostname":"DESKTOP-6JO1G7I","pid":17028,"level":20,"msg":"Plugin loaded: \u001b[35mhexo-server\u001b[39m","time":"2019-02-16T12:11:03.532Z","v":0}
{"name":"hexo","hostname":"DESKTOP-6JO1G7I","pid":17028,"level":20,"msg":"Loading database.","time":"2019-02-16T12:11:03.537Z","v":0}
{"name":"hexo","hostname":"DESKTOP-6JO1G7I","pid":17028,"level":30,"msg":"Start processing","time":"2019-02-16T12:11:03.573Z","v":0}
{"name":"hexo","hostname":"DESKTOP-6JO1G7I","pid":17028,"level":20,"msg":"Processed: \u001b[35mdebug.log\u001b[39m","time":"2019-02-16T12:11:03.632Z","v":0}
{"name":"hexo","hostname":"DESKTOP-6JO1G7I","pid":17028,"level":20,"msg":"Processed: \u001b[35mCNAME\u001b[39m","time":"2019-02-16T12:11:03.654Z","v":0}
{"name":"hexo","hostname":"DESKTOP-6JO1G7I","pid":17028,"level":20,"msg":"Processed: \u001b[35msource/CNAME\u001b[39m","time":"2019-02-16T12:11:03.709Z","v":0}
{"name":"hexo","hostname":"DESKTOP-6JO1G7I","pid":17028,"level":20,"msg":"Processed: \u001b[35msource/main.0cf68a.css\u001b[39m","time":"2019-02-16T12:11:03.709Z","v":0}
{"name":"hexo","hostname":"DESKTOP-6JO1G7I","pid":17028,"level":20,"msg":"Processed: \u001b[35msource/love.js\u001b[39m","time":"2019-02-16T12:11:03.710Z","v":0}
{"name":"hexo","hostname":"DESKTOP-6JO1G7I","pid":17028,"level":20,"msg":"Processed: \u001b[35msource/slider.e37972.js\u001b[39m","time":"2019-02-16T12:11:03.710Z","v":0}
{"name":"hexo","hostname":"DESKTOP-6JO1G7I","pid":17028,"level":20,"msg":"Processed: \u001b[35msource/favicon.ico\u001b[39m","time":"2019-02-16T12:11:03.721Z","v":0}
{"name":"hexo","hostname":"DESKTOP-6JO1G7I","pid":17028,"level":20,"msg":"Processed: \u001b[35msource/main.0cf68a.js\u001b[39m","time":"2019-02-16T12:11:03.722Z","v":0}
{"name":"hexo","hostname":"DESKTOP-6JO1G7I","pid":17028,"level":20,"msg":"Processed: \u001b[35msource/mobile.992cbe.js\u001b[39m","time":"2019-02-16T12:11:03.722Z","v":0}
{"name":"hexo","hostname":"DESKTOP-6JO1G7I","pid":17028,"level":20,"msg":"Theme config loaded.","time":"2019-02-16T12:11:03.741Z","v":0}
{"name":"hexo","hostname":"DESKTOP-6JO1G7I","pid":17028,"level":20,"msg":"Processed: \u001b[35m_config.yml\u001b[39m","time":"2019-02-16T12:11:03.746Z","v":0}
{"name":"hexo","hostname":"DESKTOP-6JO1G7I","pid":17028,"level":20,"msg":"Processed: \u001b[35massets/img/empty.png\u001b[39m","time":"2019-02-16T12:11:03.747Z","v":0}
{"name":"hexo","hostname":"DESKTOP-6JO1G7I","pid":17028,"level":20,"msg":"Processed: \u001b[35massets/img/preloader.gif\u001b[39m","time":"2019-02-16T12:11:03.747Z","v":0}
{"name":"hexo","hostname":"DESKTOP-6JO1G7I","pid":17028,"level":20,"msg":"Processed: \u001b[35msource/fonts/default-skin.b257fa.svg\u001b[39m","time":"2019-02-16T12:11:03.748Z","v":0}
{"name":"hexo","hostname":"DESKTOP-6JO1G7I","pid":17028,"level":20,"msg":"Processed: \u001b[35msource/fonts/iconfont.16acc2.ttf\u001b[39m","time":"2019-02-16T12:11:03.751Z","v":0}
{"name":"hexo","hostname":"DESKTOP-6JO1G7I","pid":17028,"level":20,"msg":"Processed: \u001b[35msource/fonts/iconfont.45d7ee.svg\u001b[39m","time":"2019-02-16T12:11:03.752Z","v":0}
{"name":"hexo","hostname":"DESKTOP-6JO1G7I","pid":17028,"level":20,"msg":"Processed: \u001b[35msource/fonts/iconfont.8c627f.woff\u001b[39m","time":"2019-02-16T12:11:03.752Z","v":0}
{"name":"hexo","hostname":"DESKTOP-6JO1G7I","pid":17028,"level":20,"msg":"Processed: \u001b[35msource/fonts/iconfont.b322fa.eot\u001b[39m","time":"2019-02-16T12:11:03.753Z","v":0}
{"name":"hexo","hostname":"DESKTOP-6JO1G7I","pid":17028,"level":20,"msg":"Processed: \u001b[35msource/fonts/tooltip.4004ff.svg\u001b[39m","time":"2019-02-16T12:11:03.754Z","v":0}
{"name":"hexo","hostname":"DESKTOP-6JO1G7I","pid":17028,"level":20,"msg":"Processed: \u001b[35msource/img/avatar.jpg\u001b[39m","time":"2019-02-16T12:11:03.755Z","v":0}
{"name":"hexo","hostname":"DESKTOP-6JO1G7I","pid":17028,"level":20,"msg":"Processed: \u001b[35msource/img/default-skin.png\u001b[39m","time":"2019-02-16T12:11:03.756Z","v":0}
{"name":"hexo","hostname":"DESKTOP-6JO1G7I","pid":17028,"level":20,"msg":"Processed: \u001b[35msource/img/preloader.gif\u001b[39m","time":"2019-02-16T12:11:03.756Z","v":0}
{"name":"hexo","hostname":"DESKTOP-6JO1G7I","pid":17028,"level":20,"msg":"Processed: \u001b[35msource/img/scrollbar_arrow.png\u001b[39m","time":"2019-02-16T12:11:03.757Z","v":0}
{"name":"hexo","hostname":"DESKTOP-6JO1G7I","pid":17028,"level":20,"msg":"Processed: \u001b[35massets/img/alipay.jpg\u001b[39m","time":"2019-02-16T12:11:03.796Z","v":0}
{"name":"hexo","hostname":"DESKTOP-6JO1G7I","pid":17028,"level":20,"msg":"Processed: \u001b[35massets/img/favicon.ico\u001b[39m","time":"2019-02-16T12:11:03.798Z","v":0}
{"name":"hexo","hostname":"DESKTOP-6JO1G7I","pid":17028,"level":20,"msg":"Processed: \u001b[35massets/img/weixin.jpg\u001b[39m","time":"2019-02-16T12:11:03.802Z","v":0}
{"name":"hexo","hostname":"DESKTOP-6JO1G7I","pid":17028,"level":20,"msg":"Processed: \u001b[35m_posts/douban-index-for-chrome.markdown\u001b[39m","time":"2019-02-16T12:11:03.813Z","v":0}
{"name":"hexo","hostname":"DESKTOP-6JO1G7I","pid":17028,"level":20,"msg":"Processed: \u001b[35m_posts/feng-shui.markdown\u001b[39m","time":"2019-02-16T12:11:03.815Z","v":0}
{"name":"hexo","hostname":"DESKTOP-6JO1G7I","pid":17028,"level":20,"msg":"Processed: \u001b[35m_posts/hello-world.markdown\u001b[39m","time":"2019-02-16T12:11:03.818Z","v":0}
{"name":"hexo","hostname":"DESKTOP-6JO1G7I","pid":17028,"level":20,"msg":"Processed: \u001b[35m_posts/img-lazy-load.markdown\u001b[39m","time":"2019-02-16T12:11:03.820Z","v":0}
{"name":"hexo","hostname":"DESKTOP-6JO1G7I","pid":17028,"level":20,"msg":"Processed: \u001b[35m_posts/folder-to-tree.markdown\u001b[39m","time":"2019-02-16T12:11:03.824Z","v":0}
{"name":"hexo","hostname":"DESKTOP-6JO1G7I","pid":17028,"level":20,"msg":"Processed: \u001b[35m_posts/graduation-shirt-design.markdown\u001b[39m","time":"2019-02-16T12:11:03.826Z","v":0}
{"name":"hexo","hostname":"DESKTOP-6JO1G7I","pid":17028,"level":20,"msg":"Processed: \u001b[35m_posts/logic-of-chord.markdown\u001b[39m","time":"2019-02-16T12:11:03.832Z","v":0}
{"name":"hexo","hostname":"DESKTOP-6JO1G7I","pid":17028,"level":20,"msg":"Processed: \u001b[35m_posts/gulangyu.markdown\u001b[39m","time":"2019-02-16T12:11:03.834Z","v":0}
{"name":"hexo","hostname":"DESKTOP-6JO1G7I","pid":17028,"level":20,"msg":"Processed: \u001b[35m_posts/guide-for-zb.markdown\u001b[39m","time":"2019-02-16T12:11:03.841Z","v":0}
{"name":"hexo","hostname":"DESKTOP-6JO1G7I","pid":17028,"level":20,"msg":"Processed: \u001b[35m_posts/my-news-reader-box.markdown\u001b[39m","time":"2019-02-16T12:11:03.842Z","v":0}
{"name":"hexo","hostname":"DESKTOP-6JO1G7I","pid":17028,"level":20,"msg":"Processed: \u001b[35m_posts/my2013.markdown\u001b[39m","time":"2019-02-16T12:11:03.844Z","v":0}
{"name":"hexo","hostname":"DESKTOP-6JO1G7I","pid":17028,"level":20,"msg":"Processed: \u001b[35m_posts/hack-in-localstorage.markdown\u001b[39m","time":"2019-02-16T12:11:03.852Z","v":0}
{"name":"hexo","hostname":"DESKTOP-6JO1G7I","pid":17028,"level":20,"msg":"Processed: \u001b[35m_posts/the-storied-life-of-aj.markdown\u001b[39m","time":"2019-02-16T12:11:03.856Z","v":0}
{"name":"hexo","hostname":"DESKTOP-6JO1G7I","pid":17028,"level":20,"msg":"Processed: \u001b[35m_posts/handling-asynchronous-js.markdown\u001b[39m","time":"2019-02-16T12:11:03.859Z","v":0}
{"name":"hexo","hostname":"DESKTOP-6JO1G7I","pid":17028,"level":20,"msg":"Processed: \u001b[35m_posts/three-drama.markdown\u001b[39m","time":"2019-02-16T12:11:03.863Z","v":0}
{"name":"hexo","hostname":"DESKTOP-6JO1G7I","pid":17028,"level":20,"msg":"Processed: \u001b[35m_posts/viewing-commentary.markdown\u001b[39m","time":"2019-02-16T12:11:03.865Z","v":0}
{"name":"hexo","hostname":"DESKTOP-6JO1G7I","pid":17028,"level":20,"msg":"Processed: \u001b[35m_posts/hexo-theme-yilia.markdown\u001b[39m","time":"2019-02-16T12:11:03.867Z","v":0}
{"name":"hexo","hostname":"DESKTOP-6JO1G7I","pid":17028,"level":20,"msg":"Processed: \u001b[35m_posts/volunteer-activities.markdown\u001b[39m","time":"2019-02-16T12:11:03.870Z","v":0}
{"name":"hexo","hostname":"DESKTOP-6JO1G7I","pid":17028,"level":20,"msg":"Processed: \u001b[35m_posts/history-of-browser-useragent.markdown\u001b[39m","time":"2019-02-16T12:11:03.871Z","v":0}
{"name":"hexo","hostname":"DESKTOP-6JO1G7I","pid":17028,"level":20,"msg":"Processed: \u001b[35m_posts/instagram-api-ex.markdown\u001b[39m","time":"2019-02-16T12:11:03.873Z","v":0}
{"name":"hexo","hostname":"DESKTOP-6JO1G7I","pid":17028,"level":20,"msg":"Processed: \u001b[35m_posts/journey-to-yunnan.markdown\u001b[39m","time":"2019-02-16T12:11:03.874Z","v":0}
{"name":"hexo","hostname":"DESKTOP-6JO1G7I","pid":17028,"level":20,"msg":"Processed: \u001b[35m_posts/kael-qrcode-info.markdown\u001b[39m","time":"2019-02-16T12:11:03.879Z","v":0}
{"name":"hexo","hostname":"DESKTOP-6JO1G7I","pid":17028,"level":20,"msg":"Processed: \u001b[35m_posts/lock-me-in-a-cup.markdown\u001b[39m","time":"2019-02-16T12:11:03.880Z","v":0}
{"name":"hexo","hostname":"DESKTOP-6JO1G7I","pid":17028,"level":20,"msg":"Processed: \u001b[35m_posts/mediator-model.markdown\u001b[39m","time":"2019-02-16T12:11:03.882Z","v":0}
{"name":"hexo","hostname":"DESKTOP-6JO1G7I","pid":17028,"level":20,"msg":"Processed: \u001b[35m_posts/my-fairy-tale1.markdown\u001b[39m","time":"2019-02-16T12:11:03.883Z","v":0}
{"name":"hexo","hostname":"DESKTOP-6JO1G7I","pid":17028,"level":20,"msg":"Processed: \u001b[35m_posts/my-fairy-tale2.markdown\u001b[39m","time":"2019-02-16T12:11:03.885Z","v":0}
{"name":"hexo","hostname":"DESKTOP-6JO1G7I","pid":17028,"level":20,"msg":"Processed: \u001b[35m_posts/my-fairy-tale3.markdown\u001b[39m","time":"2019-02-16T12:11:03.886Z","v":0}
{"name":"hexo","hostname":"DESKTOP-6JO1G7I","pid":17028,"level":20,"msg":"Processed: \u001b[35m_posts/my-fairy-tale4.markdown\u001b[39m","time":"2019-02-16T12:11:03.888Z","v":0}
{"name":"hexo","hostname":"DESKTOP-6JO1G7I","pid":17028,"level":20,"msg":"Processed: \u001b[35m_posts/no-one-used-pro.markdown\u001b[39m","time":"2019-02-16T12:11:03.889Z","v":0}
{"name":"hexo","hostname":"DESKTOP-6JO1G7I","pid":17028,"level":20,"msg":"Processed: \u001b[35m_posts/oauth-rabbit.markdown\u001b[39m","time":"2019-02-16T12:11:03.890Z","v":0}
{"name":"hexo","hostname":"DESKTOP-6JO1G7I","pid":17028,"level":20,"msg":"Processed: \u001b[35m_posts/prevent-spiders.markdown\u001b[39m","time":"2019-02-16T12:11:03.892Z","v":0}
{"name":"hexo","hostname":"DESKTOP-6JO1G7I","pid":17028,"level":20,"msg":"Processed: \u001b[35m_posts/reduce-http-requests.markdown\u001b[39m","time":"2019-02-16T12:11:03.894Z","v":0}
{"name":"hexo","hostname":"DESKTOP-6JO1G7I","pid":17028,"level":20,"msg":"Processed: \u001b[35m_posts/share-a-css-hack.markdown\u001b[39m","time":"2019-02-16T12:11:03.896Z","v":0}
{"name":"hexo","hostname":"DESKTOP-6JO1G7I","pid":17028,"level":20,"msg":"Processed: \u001b[35m_posts/something-about-immersion.markdown\u001b[39m","time":"2019-02-16T12:11:03.897Z","v":0}
{"name":"hexo","hostname":"DESKTOP-6JO1G7I","pid":17028,"level":20,"msg":"Processed: \u001b[35m_posts/theme-update1-dot-0.markdown\u001b[39m","time":"2019-02-16T12:11:03.899Z","v":0}
{"name":"hexo","hostname":"DESKTOP-6JO1G7I","pid":17028,"level":20,"msg":"Processed: \u001b[35m_posts/thinner-than-1px-border.markdown\u001b[39m","time":"2019-02-16T12:11:03.903Z","v":0}
{"name":"hexo","hostname":"DESKTOP-6JO1G7I","pid":17028,"level":20,"msg":"Processed: \u001b[35m_posts/two-magics-of-the-pilot.markdown\u001b[39m","time":"2019-02-16T12:11:03.903Z","v":0}
{"name":"hexo","hostname":"DESKTOP-6JO1G7I","pid":17028,"level":20,"msg":"Processed: \u001b[35m_posts/web-worker-learning.markdown\u001b[39m","time":"2019-02-16T12:11:03.904Z","v":0}
{"name":"hexo","hostname":"DESKTOP-6JO1G7I","pid":17028,"level":20,"msg":"Processed: \u001b[35mlayout/archive.ejs\u001b[39m","time":"2019-02-16T12:11:03.914Z","v":0}
{"name":"hexo","hostname":"DESKTOP-6JO1G7I","pid":17028,"level":20,"msg":"Processed: \u001b[35mlayout/category.ejs\u001b[39m","time":"2019-02-16T12:11:03.915Z","v":0}
{"name":"hexo","hostname":"DESKTOP-6JO1G7I","pid":17028,"level":20,"msg":"Processed: \u001b[35mlayout/index.ejs\u001b[39m","time":"2019-02-16T12:11:03.915Z","v":0}
{"name":"hexo","hostname":"DESKTOP-6JO1G7I","pid":17028,"level":20,"msg":"Processed: \u001b[35mlayout/layout.ejs\u001b[39m","time":"2019-02-16T12:11:03.916Z","v":0}
{"name":"hexo","hostname":"DESKTOP-6JO1G7I","pid":17028,"level":20,"msg":"Processed: \u001b[35mlayout/page.ejs\u001b[39m","time":"2019-02-16T12:11:03.917Z","v":0}
{"name":"hexo","hostname":"DESKTOP-6JO1G7I","pid":17028,"level":20,"msg":"Processed: \u001b[35mlayout/post.ejs\u001b[39m","time":"2019-02-16T12:11:03.917Z","v":0}
{"name":"hexo","hostname":"DESKTOP-6JO1G7I","pid":17028,"level":20,"msg":"Processed: \u001b[35mlayout/tag.ejs\u001b[39m","time":"2019-02-16T12:11:03.917Z","v":0}
{"name":"hexo","hostname":"DESKTOP-6JO1G7I","pid":17028,"level":20,"msg":"Processed: \u001b[35mlanguages/default.yml\u001b[39m","time":"2019-02-16T12:11:03.925Z","v":0}
{"name":"hexo","hostname":"DESKTOP-6JO1G7I","pid":17028,"level":20,"msg":"Processed: \u001b[35mlanguages/fr.yml\u001b[39m","time":"2019-02-16T12:11:03.925Z","v":0}
{"name":"hexo","hostname":"DESKTOP-6JO1G7I","pid":17028,"level":20,"msg":"Processed: \u001b[35mlanguages/nl.yml\u001b[39m","time":"2019-02-16T12:11:03.925Z","v":0}
{"name":"hexo","hostname":"DESKTOP-6JO1G7I","pid":17028,"level":20,"msg":"Processed: \u001b[35mlanguages/ru.yml\u001b[39m","time":"2019-02-16T12:11:03.926Z","v":0}
{"name":"hexo","hostname":"DESKTOP-6JO1G7I","pid":17028,"level":20,"msg":"Processed: \u001b[35mlanguages/no.yml\u001b[39m","time":"2019-02-16T12:11:03.926Z","v":0}
{"name":"hexo","hostname":"DESKTOP-6JO1G7I","pid":17028,"level":20,"msg":"Processed: \u001b[35mlanguages/zh-CN.yml\u001b[39m","time":"2019-02-16T12:11:03.926Z","v":0}
{"name":"hexo","hostname":"DESKTOP-6JO1G7I","pid":17028,"level":20,"msg":"Processed: \u001b[35mlanguages/zh-tw.yml\u001b[39m","time":"2019-02-16T12:11:03.926Z","v":0}
{"name":"hexo","hostname":"DESKTOP-6JO1G7I","pid":17028,"level":20,"msg":"Processed: \u001b[35massets/img/alipay.png\u001b[39m","time":"2019-02-16T12:11:03.928Z","v":0}
{"name":"hexo","hostname":"DESKTOP-6JO1G7I","pid":17028,"level":20,"msg":"Processed: \u001b[35m_posts/yilia-on-mobile.markdown\u001b[39m","time":"2019-02-16T12:11:03.933Z","v":0}
{"name":"hexo","hostname":"DESKTOP-6JO1G7I","pid":17028,"level":20,"msg":"Processed: \u001b[35massets/img/weixin.png\u001b[39m","time":"2019-02-16T12:11:03.934Z","v":0}
{"name":"hexo","hostname":"DESKTOP-6JO1G7I","pid":17028,"level":20,"msg":"Processed: \u001b[35m_posts/20190216.md\u001b[39m","time":"2019-02-16T12:11:03.935Z","v":0}
{"name":"hexo","hostname":"DESKTOP-6JO1G7I","pid":17028,"level":20,"msg":"Processed: \u001b[35m_posts/history-of-browser-useragent2.markdown\u001b[39m","time":"2019-02-16T12:11:03.936Z","v":0}
{"name":"hexo","hostname":"DESKTOP-6JO1G7I","pid":17028,"level":20,"msg":"Processed: \u001b[35m_posts/nginx-in-fe.markdown\u001b[39m","time":"2019-02-16T12:11:03.936Z","v":0}
{"name":"hexo","hostname":"DESKTOP-6JO1G7I","pid":17028,"level":20,"msg":"Processed: \u001b[35m_posts/safety-point-of-view-from-front-end.markdown\u001b[39m","time":"2019-02-16T12:11:03.938Z","v":0}
{"name":"hexo","hostname":"DESKTOP-6JO1G7I","pid":17028,"level":20,"msg":"Processed: \u001b[35m_posts/hello-world.md\u001b[39m","time":"2019-02-16T12:11:03.940Z","v":0}
{"name":"hexo","hostname":"DESKTOP-6JO1G7I","pid":17028,"level":20,"msg":"Processed: \u001b[35mlayout/_partial/toc.ejs\u001b[39m","time":"2019-02-16T12:11:03.947Z","v":0}
{"name":"hexo","hostname":"DESKTOP-6JO1G7I","pid":17028,"level":20,"msg":"Processed: \u001b[35mlayout/_partial/archive-post.ejs\u001b[39m","time":"2019-02-16T12:11:04.001Z","v":0}
{"name":"hexo","hostname":"DESKTOP-6JO1G7I","pid":17028,"level":20,"msg":"Processed: \u001b[35mlayout/_partial/archive.ejs\u001b[39m","time":"2019-02-16T12:11:04.002Z","v":0}
{"name":"hexo","hostname":"DESKTOP-6JO1G7I","pid":17028,"level":20,"msg":"Processed: \u001b[35mlayout/_partial/after-footer.ejs\u001b[39m","time":"2019-02-16T12:11:04.003Z","v":0}
{"name":"hexo","hostname":"DESKTOP-6JO1G7I","pid":17028,"level":20,"msg":"Processed: \u001b[35mlayout/_partial/article.ejs\u001b[39m","time":"2019-02-16T12:11:04.003Z","v":0}
{"name":"hexo","hostname":"DESKTOP-6JO1G7I","pid":17028,"level":20,"msg":"Processed: \u001b[35mlayout/_partial/aside.ejs\u001b[39m","time":"2019-02-16T12:11:04.003Z","v":0}
{"name":"hexo","hostname":"DESKTOP-6JO1G7I","pid":17028,"level":20,"msg":"Processed: \u001b[35mlayout/_partial/baidu-analytics.ejs\u001b[39m","time":"2019-02-16T12:11:04.004Z","v":0}
{"name":"hexo","hostname":"DESKTOP-6JO1G7I","pid":17028,"level":20,"msg":"Processed: \u001b[35mlayout/_partial/css.ejs\u001b[39m","time":"2019-02-16T12:11:04.004Z","v":0}
{"name":"hexo","hostname":"DESKTOP-6JO1G7I","pid":17028,"level":20,"msg":"Processed: \u001b[35mlayout/_partial/footer.1.ejs\u001b[39m","time":"2019-02-16T12:11:04.004Z","v":0}
{"name":"hexo","hostname":"DESKTOP-6JO1G7I","pid":17028,"level":20,"msg":"Processed: \u001b[35mlayout/_partial/footer.ejs\u001b[39m","time":"2019-02-16T12:11:04.004Z","v":0}
{"name":"hexo","hostname":"DESKTOP-6JO1G7I","pid":17028,"level":20,"msg":"Processed: \u001b[35mlayout/_partial/google-analytics.ejs\u001b[39m","time":"2019-02-16T12:11:04.005Z","v":0}
{"name":"hexo","hostname":"DESKTOP-6JO1G7I","pid":17028,"level":20,"msg":"Processed: \u001b[35mlayout/_partial/head.ejs\u001b[39m","time":"2019-02-16T12:11:04.005Z","v":0}
{"name":"hexo","hostname":"DESKTOP-6JO1G7I","pid":17028,"level":20,"msg":"Processed: \u001b[35mlayout/_partial/header.ejs\u001b[39m","time":"2019-02-16T12:11:04.005Z","v":0}
{"name":"hexo","hostname":"DESKTOP-6JO1G7I","pid":17028,"level":20,"msg":"Processed: \u001b[35mlayout/_partial/left-col.ejs\u001b[39m","time":"2019-02-16T12:11:04.006Z","v":0}
{"name":"hexo","hostname":"DESKTOP-6JO1G7I","pid":17028,"level":20,"msg":"Processed: \u001b[35mlayout/_partial/mathjax.ejs\u001b[39m","time":"2019-02-16T12:11:04.006Z","v":0}
{"name":"hexo","hostname":"DESKTOP-6JO1G7I","pid":17028,"level":20,"msg":"Processed: \u001b[35mlayout/_partial/mobile-nav.ejs\u001b[39m","time":"2019-02-16T12:11:04.006Z","v":0}
{"name":"hexo","hostname":"DESKTOP-6JO1G7I","pid":17028,"level":20,"msg":"Processed: \u001b[35mlayout/_partial/tools.ejs\u001b[39m","time":"2019-02-16T12:11:04.006Z","v":0}
{"name":"hexo","hostname":"DESKTOP-6JO1G7I","pid":17028,"level":20,"msg":"Processed: \u001b[35mlayout/_partial/viewer.ejs\u001b[39m","time":"2019-02-16T12:11:04.007Z","v":0}
{"name":"hexo","hostname":"DESKTOP-6JO1G7I","pid":17028,"level":20,"msg":"Processed: \u001b[35mlayout/_partial/post/category.ejs\u001b[39m","time":"2019-02-16T12:11:04.020Z","v":0}
{"name":"hexo","hostname":"DESKTOP-6JO1G7I","pid":17028,"level":20,"msg":"Processed: \u001b[35mlayout/_partial/post/changyan.ejs\u001b[39m","time":"2019-02-16T12:11:04.021Z","v":0}
{"name":"hexo","hostname":"DESKTOP-6JO1G7I","pid":17028,"level":20,"msg":"Processed: \u001b[35mlayout/_partial/post/date.ejs\u001b[39m","time":"2019-02-16T12:11:04.021Z","v":0}
{"name":"hexo","hostname":"DESKTOP-6JO1G7I","pid":17028,"level":20,"msg":"Processed: \u001b[35mlayout/_partial/post/duoshuo.ejs\u001b[39m","time":"2019-02-16T12:11:04.021Z","v":0}
{"name":"hexo","hostname":"DESKTOP-6JO1G7I","pid":17028,"level":20,"msg":"Processed: \u001b[35mlayout/_partial/post/gitment.ejs\u001b[39m","time":"2019-02-16T12:11:04.022Z","v":0}
{"name":"hexo","hostname":"DESKTOP-6JO1G7I","pid":17028,"level":20,"msg":"Processed: \u001b[35mlayout/_partial/post/nav.ejs\u001b[39m","time":"2019-02-16T12:11:04.022Z","v":0}
{"name":"hexo","hostname":"DESKTOP-6JO1G7I","pid":17028,"level":20,"msg":"Processed: \u001b[35mlayout/_partial/post/tag.ejs\u001b[39m","time":"2019-02-16T12:11:04.023Z","v":0}
{"name":"hexo","hostname":"DESKTOP-6JO1G7I","pid":17028,"level":20,"msg":"Processed: \u001b[35mlayout/_partial/post/share.ejs\u001b[39m","time":"2019-02-16T12:11:04.023Z","v":0}
{"name":"hexo","hostname":"DESKTOP-6JO1G7I","pid":17028,"level":20,"msg":"Processed: \u001b[35mlayout/_partial/post/title.ejs\u001b[39m","time":"2019-02-16T12:11:04.023Z","v":0}
{"name":"hexo","hostname":"DESKTOP-6JO1G7I","pid":17028,"level":20,"msg":"Processed: \u001b[35mlayout/_partial/post/valine.ejs\u001b[39m","time":"2019-02-16T12:11:04.023Z","v":0}
{"name":"hexo","hostname":"DESKTOP-6JO1G7I","pid":17028,"level":20,"msg":"Processed: \u001b[35mlayout/_partial/post/wangyiyun.ejs\u001b[39m","time":"2019-02-16T12:11:04.024Z","v":0}
{"name":"hexo","hostname":"DESKTOP-6JO1G7I","pid":17028,"level":20,"msg":"Processed: \u001b[35mlayout/_partial/script.ejs\u001b[39m","time":"2019-02-16T12:11:04.059Z","v":0}
{"name":"hexo","hostname":"DESKTOP-6JO1G7I","pid":17028,"level":20,"msg":"Generator: \u001b[35mpage\u001b[39m","time":"2019-02-16T12:11:06.564Z","v":0}
{"name":"hexo","hostname":"DESKTOP-6JO1G7I","pid":17028,"level":20,"msg":"Generator: \u001b[35mpost\u001b[39m","time":"2019-02-16T12:11:06.564Z","v":0}
{"name":"hexo","hostname":"DESKTOP-6JO1G7I","pid":17028,"level":20,"msg":"Generator: \u001b[35mbooks\u001b[39m","time":"2019-02-16T12:11:06.564Z","v":0}
{"name":"hexo","hostname":"DESKTOP-6JO1G7I","pid":17028,"level":20,"msg":"Generator: \u001b[35mmovies\u001b[39m","time":"2019-02-16T12:11:06.565Z","v":0}
{"name":"hexo","hostname":"DESKTOP-6JO1G7I","pid":17028,"level":20,"msg":"Generator: \u001b[35mgames\u001b[39m","time":"2019-02-16T12:11:06.565Z","v":0}
{"name":"hexo","hostname":"DESKTOP-6JO1G7I","pid":17028,"level":20,"msg":"Generator: \u001b[35marchive\u001b[39m","time":"2019-02-16T12:11:06.566Z","v":0}
{"name":"hexo","hostname":"DESKTOP-6JO1G7I","pid":17028,"level":20,"msg":"Generator: \u001b[35mbaidusitemap\u001b[39m","time":"2019-02-16T12:11:06.567Z","v":0}
{"name":"hexo","hostname":"DESKTOP-6JO1G7I","pid":17028,"level":20,"msg":"Generator: \u001b[35mcategory\u001b[39m","time":"2019-02-16T12:11:06.567Z","v":0}
{"name":"hexo","hostname":"DESKTOP-6JO1G7I","pid":17028,"level":20,"msg":"Generator: \u001b[35mfeed\u001b[39m","time":"2019-02-16T12:11:06.568Z","v":0}
{"name":"hexo","hostname":"DESKTOP-6JO1G7I","pid":17028,"level":20,"msg":"Generator: \u001b[35mindex\u001b[39m","time":"2019-02-16T12:11:06.568Z","v":0}
{"name":"hexo","hostname":"DESKTOP-6JO1G7I","pid":17028,"level":20,"msg":"Generator: \u001b[35mjson-content\u001b[39m","time":"2019-02-16T12:11:06.568Z","v":0}
{"name":"hexo","hostname":"DESKTOP-6JO1G7I","pid":17028,"level":20,"msg":"Generator: \u001b[35msitemap\u001b[39m","time":"2019-02-16T12:11:06.569Z","v":0}
{"name":"hexo","hostname":"DESKTOP-6JO1G7I","pid":17028,"level":20,"msg":"Generator: \u001b[35mtag\u001b[39m","time":"2019-02-16T12:11:06.569Z","v":0}
{"name":"hexo","hostname":"DESKTOP-6JO1G7I","pid":17028,"level":20,"msg":"Generator: \u001b[35masset\u001b[39m","time":"2019-02-16T12:11:06.570Z","v":0}
{"name":"hexo","hostname":"DESKTOP-6JO1G7I","pid":17028,"level":30,"msg":"Hexo is running at \u001b[4mhttp://localhost:5000\u001b[24m . Press Ctrl+C to stop.","time":"2019-02-16T12:11:06.585Z","v":0}
{"name":"hexo","hostname":"DESKTOP-6JO1G7I","pid":17028,"level":20,"msg":"Database saved","time":"2019-02-16T12:11:06.606Z","v":0}
{"name":"hexo","hostname":"DESKTOP-6JO1G7I","pid":17028,"level":20,"msg":"Rendering index: \u001b[35mindex.html\u001b[39m","time":"2019-02-16T12:11:12.516Z","v":0}
{"name":"hexo","hostname":"DESKTOP-6JO1G7I","pid":17028,"level":20,"msg":"Rendering page: \u001b[35mmovies/index.html\u001b[39m","time":"2019-02-16T12:11:34.053Z","v":0}
{"name":"hexo","hostname":"DESKTOP-6JO1G7I","pid":17028,"level":20,"msg":"Rendering index: \u001b[35mindex.html\u001b[39m","time":"2019-02-16T12:11:53.138Z","v":0}
{"name":"hexo","hostname":"DESKTOP-6JO1G7I","pid":17028,"level":20,"msg":"Processed: \u001b[35mdebug.log\u001b[39m","time":"2019-02-16T12:12:17.270Z","v":0}
{"name":"hexo","hostname":"DESKTOP-6JO1G7I","pid":17028,"level":20,"msg":"Processed: \u001b[35m_posts/yilia-on-mobile.markdown\u001b[39m","time":"2019-02-16T12:12:17.374Z","v":0}
{"name":"hexo","hostname":"DESKTOP-6JO1G7I","pid":17028,"level":20,"msg":"Processed: \u001b[35m_posts/douban-index-for-chrome.markdown\u001b[39m","time":"2019-02-16T12:12:17.375Z","v":0}
{"name":"hexo","hostname":"DESKTOP-6JO1G7I","pid":17028,"level":20,"msg":"Processed: \u001b[35m_posts/feng-shui.markdown\u001b[39m","time":"2019-02-16T12:12:17.376Z","v":0}
{"name":"hexo","hostname":"DESKTOP-6JO1G7I","pid":17028,"level":20,"msg":"Processed: \u001b[35m_posts/folder-to-tree.markdown\u001b[39m","time":"2019-02-16T12:12:17.377Z","v":0}
{"name":"hexo","hostname":"DESKTOP-6JO1G7I","pid":17028,"level":20,"msg":"Processed: \u001b[35m_posts/graduation-shirt-design.markdown\u001b[39m","time":"2019-02-16T12:12:17.378Z","v":0}
{"name":"hexo","hostname":"DESKTOP-6JO1G7I","pid":17028,"level":20,"msg":"Processed: \u001b[35m_posts/guide-for-zb.markdown\u001b[39m","time":"2019-02-16T12:12:17.379Z","v":0}
{"name":"hexo","hostname":"DESKTOP-6JO1G7I","pid":17028,"level":20,"msg":"Processed: \u001b[35m_posts/gulangyu.markdown\u001b[39m","time":"2019-02-16T12:12:17.381Z","v":0}
{"name":"hexo","hostname":"DESKTOP-6JO1G7I","pid":17028,"level":20,"msg":"Processed: \u001b[35m_posts/hack-in-localstorage.markdown\u001b[39m","time":"2019-02-16T12:12:17.382Z","v":0}
{"name":"hexo","hostname":"DESKTOP-6JO1G7I","pid":17028,"level":20,"msg":"Processed: \u001b[35m_posts/handling-asynchronous-js.markdown\u001b[39m","time":"2019-02-16T12:12:17.382Z","v":0}
{"name":"hexo","hostname":"DESKTOP-6JO1G7I","pid":17028,"level":20,"msg":"Processed: \u001b[35m_posts/hello-world.markdown\u001b[39m","time":"2019-02-16T12:12:17.383Z","v":0}
{"name":"hexo","hostname":"DESKTOP-6JO1G7I","pid":17028,"level":20,"msg":"Processed: \u001b[35m_posts/hexo-theme-yilia.markdown\u001b[39m","time":"2019-02-16T12:12:17.385Z","v":0}
{"name":"hexo","hostname":"DESKTOP-6JO1G7I","pid":17028,"level":20,"msg":"Processed: \u001b[35m_posts/history-of-browser-useragent.markdown\u001b[39m","time":"2019-02-16T12:12:17.385Z","v":0}
{"name":"hexo","hostname":"DESKTOP-6JO1G7I","pid":17028,"level":20,"msg":"Processed: \u001b[35m_posts/history-of-browser-useragent2.markdown\u001b[39m","time":"2019-02-16T12:12:17.386Z","v":0}
{"name":"hexo","hostname":"DESKTOP-6JO1G7I","pid":17028,"level":20,"msg":"Processed: \u001b[35m_posts/img-lazy-load.markdown\u001b[39m","time":"2019-02-16T12:12:17.387Z","v":0}
{"name":"hexo","hostname":"DESKTOP-6JO1G7I","pid":17028,"level":20,"msg":"Processed: \u001b[35m_posts/instagram-api-ex.markdown\u001b[39m","time":"2019-02-16T12:12:17.388Z","v":0}
{"name":"hexo","hostname":"DESKTOP-6JO1G7I","pid":17028,"level":20,"msg":"Processed: \u001b[35m_posts/journey-to-yunnan.markdown\u001b[39m","time":"2019-02-16T12:12:17.388Z","v":0}
{"name":"hexo","hostname":"DESKTOP-6JO1G7I","pid":17028,"level":20,"msg":"Processed: \u001b[35m_posts/kael-qrcode-info.markdown\u001b[39m","time":"2019-02-16T12:12:17.389Z","v":0}
{"name":"hexo","hostname":"DESKTOP-6JO1G7I","pid":17028,"level":20,"msg":"Processed: \u001b[35m_posts/lock-me-in-a-cup.markdown\u001b[39m","time":"2019-02-16T12:12:17.390Z","v":0}
{"name":"hexo","hostname":"DESKTOP-6JO1G7I","pid":17028,"level":20,"msg":"Processed: \u001b[35m_posts/logic-of-chord.markdown\u001b[39m","time":"2019-02-16T12:12:17.391Z","v":0}
{"name":"hexo","hostname":"DESKTOP-6JO1G7I","pid":17028,"level":20,"msg":"Processed: \u001b[35m_posts/my2013.markdown\u001b[39m","time":"2019-02-16T12:12:17.392Z","v":0}
{"name":"hexo","hostname":"DESKTOP-6JO1G7I","pid":17028,"level":20,"msg":"Processed: \u001b[35m_posts/mediator-model.markdown\u001b[39m","time":"2019-02-16T12:12:17.392Z","v":0}
{"name":"hexo","hostname":"DESKTOP-6JO1G7I","pid":17028,"level":20,"msg":"Processed: \u001b[35m_posts/my-fairy-tale1.markdown\u001b[39m","time":"2019-02-16T12:12:17.393Z","v":0}
{"name":"hexo","hostname":"DESKTOP-6JO1G7I","pid":17028,"level":20,"msg":"Processed: \u001b[35m_posts/my-fairy-tale2.markdown\u001b[39m","time":"2019-02-16T12:12:17.394Z","v":0}
{"name":"hexo","hostname":"DESKTOP-6JO1G7I","pid":17028,"level":20,"msg":"Processed: \u001b[35m_posts/my-fairy-tale3.markdown\u001b[39m","time":"2019-02-16T12:12:17.396Z","v":0}
{"name":"hexo","hostname":"DESKTOP-6JO1G7I","pid":17028,"level":20,"msg":"Processed: \u001b[35m_posts/my-fairy-tale4.markdown\u001b[39m","time":"2019-02-16T12:12:17.397Z","v":0}
{"name":"hexo","hostname":"DESKTOP-6JO1G7I","pid":17028,"level":20,"msg":"Processed: \u001b[35m_posts/my-news-reader-box.markdown\u001b[39m","time":"2019-02-16T12:12:17.397Z","v":0}
{"name":"hexo","hostname":"DESKTOP-6JO1G7I","pid":17028,"level":20,"msg":"Processed: \u001b[35m_posts/nginx-in-fe.markdown\u001b[39m","time":"2019-02-16T12:12:17.398Z","v":0}
{"name":"hexo","hostname":"DESKTOP-6JO1G7I","pid":17028,"level":20,"msg":"Processed: \u001b[35m_posts/no-one-used-pro.markdown\u001b[39m","time":"2019-02-16T12:12:17.399Z","v":0}
{"name":"hexo","hostname":"DESKTOP-6JO1G7I","pid":17028,"level":20,"msg":"Processed: \u001b[35m_posts/oauth-rabbit.markdown\u001b[39m","time":"2019-02-16T12:12:17.400Z","v":0}
{"name":"hexo","hostname":"DESKTOP-6JO1G7I","pid":17028,"level":20,"msg":"Processed: \u001b[35m_posts/prevent-spiders.markdown\u001b[39m","time":"2019-02-16T12:12:17.419Z","v":0}
{"name":"hexo","hostname":"DESKTOP-6JO1G7I","pid":17028,"level":20,"msg":"Processed: \u001b[35m_posts/reduce-http-requests.markdown\u001b[39m","time":"2019-02-16T12:12:17.424Z","v":0}
{"name":"hexo","hostname":"DESKTOP-6JO1G7I","pid":17028,"level":20,"msg":"Processed: \u001b[35m_posts/safety-point-of-view-from-front-end.markdown\u001b[39m","time":"2019-02-16T12:12:17.425Z","v":0}
{"name":"hexo","hostname":"DESKTOP-6JO1G7I","pid":17028,"level":20,"msg":"Processed: \u001b[35m_posts/share-a-css-hack.markdown\u001b[39m","time":"2019-02-16T12:12:17.426Z","v":0}
{"name":"hexo","hostname":"DESKTOP-6JO1G7I","pid":17028,"level":20,"msg":"Processed: \u001b[35m_posts/something-about-immersion.markdown\u001b[39m","time":"2019-02-16T12:12:17.427Z","v":0}
{"name":"hexo","hostname":"DESKTOP-6JO1G7I","pid":17028,"level":20,"msg":"Processed: \u001b[35m_posts/theme-update1-dot-0.markdown\u001b[39m","time":"2019-02-16T12:12:17.428Z","v":0}
{"name":"hexo","hostname":"DESKTOP-6JO1G7I","pid":17028,"level":20,"msg":"Processed: \u001b[35m_posts/the-storied-life-of-aj.markdown\u001b[39m","time":"2019-02-16T12:12:17.429Z","v":0}
{"name":"hexo","hostname":"DESKTOP-6JO1G7I","pid":17028,"level":20,"msg":"Processed: \u001b[35m_posts/thinner-than-1px-border.markdown\u001b[39m","time":"2019-02-16T12:12:17.430Z","v":0}
{"name":"hexo","hostname":"DESKTOP-6JO1G7I","pid":17028,"level":20,"msg":"Processed: \u001b[35m_posts/three-drama.markdown\u001b[39m","time":"2019-02-16T12:12:17.431Z","v":0}
{"name":"hexo","hostname":"DESKTOP-6JO1G7I","pid":17028,"level":20,"msg":"Processed: \u001b[35m_posts/two-magics-of-the-pilot.markdown\u001b[39m","time":"2019-02-16T12:12:17.431Z","v":0}
{"name":"hexo","hostname":"DESKTOP-6JO1G7I","pid":17028,"level":20,"msg":"Processed: \u001b[35m_posts/volunteer-activities.markdown\u001b[39m","time":"2019-02-16T12:12:17.432Z","v":0}
{"name":"hexo","hostname":"DESKTOP-6JO1G7I","pid":17028,"level":20,"msg":"Processed: \u001b[35m_posts/viewing-commentary.markdown\u001b[39m","time":"2019-02-16T12:12:17.433Z","v":0}
{"name":"hexo","hostname":"DESKTOP-6JO1G7I","pid":17028,"level":20,"msg":"Processed: \u001b[35m_posts/web-worker-learning.markdown\u001b[39m","time":"2019-02-16T12:12:17.434Z","v":0}
{"name":"hexo","hostname":"DESKTOP-6JO1G7I","pid":17028,"level":20,"msg":"Processed: \u001b[35mdebug.log\u001b[39m","time":"2019-02-16T12:12:17.436Z","v":0}
{"name":"hexo","hostname":"DESKTOP-6JO1G7I","pid":17028,"level":20,"msg":"Generator: \u001b[35mpage\u001b[39m","time":"2019-02-16T12:12:19.362Z","v":0}
{"name":"hexo","hostname":"DESKTOP-6JO1G7I","pid":17028,"level":20,"msg":"Generator: \u001b[35mpost\u001b[39m","time":"2019-02-16T12:12:19.366Z","v":0}
{"name":"hexo","hostname":"DESKTOP-6JO1G7I","pid":17028,"level":20,"msg":"Generator: \u001b[35mbooks\u001b[39m","time":"2019-02-16T12:12:19.368Z","v":0}
{"name":"hexo","hostname":"DESKTOP-6JO1G7I","pid":17028,"level":20,"msg":"Generator: \u001b[35mmovies\u001b[39m","time":"2019-02-16T12:12:19.376Z","v":0}
{"name":"hexo","hostname":"DESKTOP-6JO1G7I","pid":17028,"level":20,"msg":"Generator: \u001b[35mgames\u001b[39m","time":"2019-02-16T12:12:19.378Z","v":0}
{"name":"hexo","hostname":"DESKTOP-6JO1G7I","pid":17028,"level":20,"msg":"Generator: \u001b[35marchive\u001b[39m","time":"2019-02-16T12:12:19.379Z","v":0}
{"name":"hexo","hostname":"DESKTOP-6JO1G7I","pid":17028,"level":20,"msg":"Generator: \u001b[35mbaidusitemap\u001b[39m","time":"2019-02-16T12:12:19.381Z","v":0}
{"name":"hexo","hostname":"DESKTOP-6JO1G7I","pid":17028,"level":20,"msg":"Generator: \u001b[35mcategory\u001b[39m","time":"2019-02-16T12:12:19.382Z","v":0}
{"name":"hexo","hostname":"DESKTOP-6JO1G7I","pid":17028,"level":20,"msg":"Generator: \u001b[35mfeed\u001b[39m","time":"2019-02-16T12:12:19.382Z","v":0}
{"name":"hexo","hostname":"DESKTOP-6JO1G7I","pid":17028,"level":20,"msg":"Generator: \u001b[35mindex\u001b[39m","time":"2019-02-16T12:12:19.384Z","v":0}
{"name":"hexo","hostname":"DESKTOP-6JO1G7I","pid":17028,"level":20,"msg":"Generator: \u001b[35mjson-content\u001b[39m","time":"2019-02-16T12:12:19.385Z","v":0}
{"name":"hexo","hostname":"DESKTOP-6JO1G7I","pid":17028,"level":20,"msg":"Generator: \u001b[35msitemap\u001b[39m","time":"2019-02-16T12:12:19.385Z","v":0}
{"name":"hexo","hostname":"DESKTOP-6JO1G7I","pid":17028,"level":20,"msg":"Generator: \u001b[35mtag\u001b[39m","time":"2019-02-16T12:12:19.389Z","v":0}
{"name":"hexo","hostname":"DESKTOP-6JO1G7I","pid":17028,"level":20,"msg":"Generator: \u001b[35masset\u001b[39m","time":"2019-02-16T12:12:19.391Z","v":0}
{"name":"hexo","hostname":"DESKTOP-6JO1G7I","pid":17028,"level":20,"msg":"Rendering index: \u001b[35mindex.html\u001b[39m","time":"2019-02-16T12:12:20.391Z","v":0}
{"name":"hexo","hostname":"DESKTOP-6JO1G7I","pid":17028,"level":20,"msg":"Processed: \u001b[35mdebug.log\u001b[39m","time":"2019-02-16T12:14:02.318Z","v":0}
{"name":"hexo","hostname":"DESKTOP-6JO1G7I","pid":17028,"level":20,"msg":"Generator: \u001b[35mpage\u001b[39m","time":"2019-02-16T12:14:04.141Z","v":0}
{"name":"hexo","hostname":"DESKTOP-6JO1G7I","pid":17028,"level":20,"msg":"Generator: \u001b[35mpost\u001b[39m","time":"2019-02-16T12:14:04.142Z","v":0}
{"name":"hexo","hostname":"DESKTOP-6JO1G7I","pid":17028,"level":20,"msg":"Generator: \u001b[35mbooks\u001b[39m","time":"2019-02-16T12:14:04.143Z","v":0}
{"name":"hexo","hostname":"DESKTOP-6JO1G7I","pid":17028,"level":20,"msg":"Generator: \u001b[35mmovies\u001b[39m","time":"2019-02-16T12:14:04.143Z","v":0}
{"name":"hexo","hostname":"DESKTOP-6JO1G7I","pid":17028,"level":20,"msg":"Generator: \u001b[35mgames\u001b[39m","time":"2019-02-16T12:14:04.144Z","v":0}
{"name":"hexo","hostname":"DESKTOP-6JO1G7I","pid":17028,"level":20,"msg":"Generator: \u001b[35marchive\u001b[39m","time":"2019-02-16T12:14:04.145Z","v":0}
{"name":"hexo","hostname":"DESKTOP-6JO1G7I","pid":17028,"level":20,"msg":"Generator: \u001b[35mbaidusitemap\u001b[39m","time":"2019-02-16T12:14:04.145Z","v":0}
{"name":"hexo","hostname":"DESKTOP-6JO1G7I","pid":17028,"level":20,"msg":"Generator: \u001b[35mcategory\u001b[39m","time":"2019-02-16T12:14:04.145Z","v":0}
{"name":"hexo","hostname":"DESKTOP-6JO1G7I","pid":17028,"level":20,"msg":"Generator: \u001b[35mfeed\u001b[39m","time":"2019-02-16T12:14:04.146Z","v":0}
{"name":"hexo","hostname":"DESKTOP-6JO1G7I","pid":17028,"level":20,"msg":"Generator: \u001b[35mindex\u001b[39m","time":"2019-02-16T12:14:04.146Z","v":0}
{"name":"hexo","hostname":"DESKTOP-6JO1G7I","pid":17028,"level":20,"msg":"Generator: \u001b[35mjson-content\u001b[39m","time":"2019-02-16T12:14:04.146Z","v":0}
{"name":"hexo","hostname":"DESKTOP-6JO1G7I","pid":17028,"level":20,"msg":"Generator: \u001b[35msitemap\u001b[39m","time":"2019-02-16T12:14:04.147Z","v":0}
{"name":"hexo","hostname":"DESKTOP-6JO1G7I","pid":17028,"level":20,"msg":"Generator: \u001b[35mtag\u001b[39m","time":"2019-02-16T12:14:04.147Z","v":0}
{"name":"hexo","hostname":"DESKTOP-6JO1G7I","pid":17028,"level":20,"msg":"Generator: \u001b[35masset\u001b[39m","time":"2019-02-16T12:14:04.148Z","v":0}
{"name":"hexo","hostname":"DESKTOP-6JO1G7I","pid":17028,"level":20,"msg":"Processed: \u001b[35mdebug.log\u001b[39m","time":"2019-02-16T12:14:04.157Z","v":0}
{"name":"hexo","hostname":"DESKTOP-6JO1G7I","pid":17028,"level":20,"msg":"Processed: \u001b[35m_posts/20190216.md\u001b[39m","time":"2019-02-16T12:14:04.163Z","v":0}
{"name":"hexo","hostname":"DESKTOP-6JO1G7I","pid":17028,"level":20,"msg":"Generator: \u001b[35mpage\u001b[39m","time":"2019-02-16T12:14:05.788Z","v":0}
{"name":"hexo","hostname":"DESKTOP-6JO1G7I","pid":17028,"level":20,"msg":"Generator: \u001b[35mpost\u001b[39m","time":"2019-02-16T12:14:05.790Z","v":0}
{"name":"hexo","hostname":"DESKTOP-6JO1G7I","pid":17028,"level":20,"msg":"Generator: \u001b[35mbooks\u001b[39m","time":"2019-02-16T12:14:05.791Z","v":0}
{"name":"hexo","hostname":"DESKTOP-6JO1G7I","pid":17028,"level":20,"msg":"Generator: \u001b[35mmovies\u001b[39m","time":"2019-02-16T12:14:05.791Z","v":0}
{"name":"hexo","hostname":"DESKTOP-6JO1G7I","pid":17028,"level":20,"msg":"Generator: \u001b[35mgames\u001b[39m","time":"2019-02-16T12:14:05.791Z","v":0}
{"name":"hexo","hostname":"DESKTOP-6JO1G7I","pid":17028,"level":20,"msg":"Generator: \u001b[35marchive\u001b[39m","time":"2019-02-16T12:14:05.792Z","v":0}
{"name":"hexo","hostname":"DESKTOP-6JO1G7I","pid":17028,"level":20,"msg":"Generator: \u001b[35mbaidusitemap\u001b[39m","time":"2019-02-16T12:14:05.794Z","v":0}
{"name":"hexo","hostname":"DESKTOP-6JO1G7I","pid":17028,"level":20,"msg":"Generator: \u001b[35mcategory\u001b[39m","time":"2019-02-16T12:14:05.795Z","v":0}
{"name":"hexo","hostname":"DESKTOP-6JO1G7I","pid":17028,"level":20,"msg":"Generator: \u001b[35mfeed\u001b[39m","time":"2019-02-16T12:14:05.796Z","v":0}
{"name":"hexo","hostname":"DESKTOP-6JO1G7I","pid":17028,"level":20,"msg":"Generator: \u001b[35mindex\u001b[39m","time":"2019-02-16T12:14:05.796Z","v":0}
{"name":"hexo","hostname":"DESKTOP-6JO1G7I","pid":17028,"level":20,"msg":"Generator: \u001b[35mjson-content\u001b[39m","time":"2019-02-16T12:14:05.796Z","v":0}
{"name":"hexo","hostname":"DESKTOP-6JO1G7I","pid":17028,"level":20,"msg":"Generator: \u001b[35msitemap\u001b[39m","time":"2019-02-16T12:14:05.797Z","v":0}
{"name":"hexo","hostname":"DESKTOP-6JO1G7I","pid":17028,"level":20,"msg":"Generator: \u001b[35mtag\u001b[39m","time":"2019-02-16T12:14:05.797Z","v":0}
{"name":"hexo","hostname":"DESKTOP-6JO1G7I","pid":17028,"level":20,"msg":"Generator: \u001b[35masset\u001b[39m","time":"2019-02-16T12:14:05.798Z","v":0}
